<?xml version="1.0" encoding="UTF-8"?>
<!-- Generated by org.testng.reporters.JUnitReportReporter -->
<testsuite hostname="DESKTOP-QE2F6HG" failures="0" tests="2" name="Program1" time="0.009" errors="0" timestamp="2022-09-12T11:37:47 IST" skipped="0">
  <testcase classname="Program1" name="testcase1" time="0.008"/>
  <system-out/>
  <testcase classname="Program1" name="testcase2" time="0.001"/>
  <system-out>
    <![CDATA[In test case 1]]>
  </system-out>
</testsuite> <!-- Program1 -->
