<?xml version="1.0" encoding="UTF-8"?>
<!-- Generated by org.testng.reporters.JUnitReportReporter -->
<testsuite hostname="DESKTOP-QE2F6HG" failures="0" tests="1" name="com.actitime.testscript.ProjectModule" time="0.011" errors="0" timestamp="2022-09-13T22:04:50 IST" skipped="0">
  <testcase classname="com.actitime.testscript.ProjectModule" name="createProject" time="0.011"/>
  <system-out>
    <![CDATA[createProject]]>
  </system-out>
</testsuite> <!-- com.actitime.testscript.ProjectModule -->
