<?xml version="1.0" encoding="UTF-8"?>
<!-- Generated by org.testng.reporters.JUnitReportReporter -->
<testsuite hostname="DESKTOP-QE2F6HG" failures="0" tests="1" name="com.actitime.testscript.ScreenShot" time="6.346" errors="0" timestamp="2022-09-14T10:04:43 IST" skipped="0">
  <testcase classname="com.actitime.testscript.ScreenShot" name="testScreenShot" time="6.346"/>
  <system-out/>
</testsuite> <!-- com.actitime.testscript.ScreenShot -->
